<?xml version="1.0" encoding="UTF-8"?>
<!-- Generated by org.testng.reporters.JUnitXMLReporter -->
<testsuite ignored="1" hostname="PG02800H" failures="0" tests="1" name="Test" time="19.124" errors="0" timestamp="2022-03-21T10:17:08 IST">
  <testcase classname="com.orangehrm.OrangeHRM_TestNG" name="Login_Scenario" time="6.225"/>
  <testcase classname="com.orangehrm.HDFC_NetBanking_Alert_Example" name="Verify_Navigation_Command" time="0.0">
    <ignored/>
  </testcase> <!-- Verify_Navigation_Command -->
</testsuite> <!-- Test -->
