<?xml version="1.0" encoding="UTF-8"?>
<testng-results ignored="0" total="1" passed="1" failed="0" skipped="0">
  <reporter-output>
  </reporter-output>
  <suite started-at="2022-03-24T11:52:00 IST" name="Default suite" finished-at="2022-03-24T11:52:53 IST" duration-ms="52766">
    <groups>
    </groups>
    <test started-at="2022-03-24T11:52:00 IST" name="Default test" finished-at="2022-03-24T11:52:53 IST" duration-ms="52766">
      <class name="com.orangehrm.NavigateAllLinks">
        <test-method signature="navigateToAllLinks()[pri:0, instance:com.orangehrm.NavigateAllLinks@333291e3]" started-at="2022-03-24T11:52:01 IST" name="navigateToAllLinks" finished-at="2022-03-24T11:52:53 IST" duration-ms="52717" status="PASS">
          <reporter-output>
          </reporter-output>
        </test-method> <!-- navigateToAllLinks -->
      </class> <!-- com.orangehrm.NavigateAllLinks -->
    </test> <!-- Default test -->
  </suite> <!-- Default suite -->
</testng-results>
